zui/util/z-viewport.js
zui/util/z-navigator.js
zui/util/z-router.js
zui/util/z-template_util.js
zui/util/z-http.js
zui/util/z-dom_util.js
zui/util/z-url_util.js
zui/util/z-object_util.js
zui/util/z-date_util.js
zui/components/z-dropdown/z-dropdown.js
zui/components/z-dropdown/z-dropdown.css
zui/components/z-modal/z-modal.js
zui/components/z-modal/z-modal.css
zui/components/z-tabbable/z-tabbable.js
zui/components/z-tabbable/z-tabbable.css
zui/components/z-pager/z-pager.js
zui/components/z-pager/z-pager.css
zui/components/z-calendar/z-calendar.css
zui/components/z-calendar/z-calendar.html
zui/components/z-calendar/z-calendar.js
zui/components/z-daterangepicker/z-daterangepicker.css
zui/components/z-daterangepicker/z-daterangepicker.html
zui/components/z-daterangepicker/z-daterangepicker.js
zui/widgets/z-table/z-table.js
widgets/metric-selector/metric-selector.js
widgets/embed-popup/embed_popup.js
widgets/embed-popup/embed_popup.html
util/f-table_util.js
3rdparty/dygraph-combined.js
3rdparty/codemirror.css
3rdparty/codemirror.js
3rdparty/codemirror-sql.js
app.js
app.css
app.html
routes.js
views/error/error.html
views/error/error.js
views/metric-list/metric-list.html
views/metric-list/metric-list.js
views/metric-list/metric-list.css
views/metric-detail/view_config.js
views/metric-detail/filter.html
views/metric-detail/filter.js
views/metric-detail/metric-detail.html
views/metric-detail/metric-detail.js
views/metric-detail/metric-table.css
views/metric-detail/metric-table.html
views/metric-detail/metric-table.js
views/metric-detail/metric-timeseries.js
views/metric-detail/metric-timeseries.html
views/metric-sensor/metric-sensor.html
views/metric-sensor/metric-sensor.css
views/metric-sensor/metric-sensor.js
